File:  texture.cpp  Line:1147  Size:116
File:  pigment.cpp  Line: 187  Size:184
File:  texture.cpp  Line:1243  Size:208
File: matrices.cpp  Line:1078  Size:256
File:   camera.cpp  Line: 213  Size:256
File:    parse.cpp  Line: 228  Size:800
File:  texture.cpp  Line:1147  Size:116
File:  pigment.cpp  Line: 187  Size:184
File:  texture.cpp  Line:1243  Size:208
File: matrices.cpp  Line:1078  Size:256
File:   camera.cpp  Line: 213  Size:256
File:    parse.cpp  Line: 228  Size:800
File:  texture.cpp  Line:1147  Size:116
File:  pigment.cpp  Line: 187  Size:184
File:  texture.cpp  Line:1243  Size:208
File: matrices.cpp  Line:1078  Size:256
File:   camera.cpp  Line: 213  Size:256
File:    parse.cpp  Line: 228  Size:800
File:    parse.cpp  Line:4717  Size:120
File: matrices.cpp  Line:1078  Size:256
File:  polygon.cpp  Line: 573  Size:152
File:    parse.cpp  Line: 228  Size:800
File:  texture.cpp  Line:1147  Size:116
File:  pigment.cpp  Line: 187  Size:184
File:  texture.cpp  Line:1243  Size:208
File:    boxes.cpp  Line: 903  Size:168
File:  texture.cpp  Line:1147  Size:116
File:  pigment.cpp  Line: 187  Size:184
File:  texture.cpp  Line:1243  Size:208
File: matrices.cpp  Line:1078  Size:256
File:   camera.cpp  Line: 213  Size:256
File:    parse.cpp  Line: 228  Size:800
File: parsestr.cpp  Line: 741  Size:16
File:  texture.cpp  Line:1147  Size:116
File:  pigment.cpp  Line: 187  Size:184
File:  texture.cpp  Line:1243  Size:208
File: matrices.cpp  Line:1078  Size:256
File:   camera.cpp  Line: 213  Size:256
File:    parse.cpp  Line: 228  Size:800
File: parsestr.cpp  Line: 741  Size:16
File:  texture.cpp  Line:1147  Size:116
File:  pigment.cpp  Line: 187  Size:184
File:  texture.cpp  Line:1243  Size:208
File: matrices.cpp  Line:1078  Size:256
File:   camera.cpp  Line: 213  Size:256
File:    parse.cpp  Line: 228  Size:800
File: parsestr.cpp  Line: 741  Size:13
File:  texture.cpp  Line:1147  Size:116
File:  pigment.cpp  Line: 187  Size:184
File:  texture.cpp  Line:1243  Size:208
File: matrices.cpp  Line:1078  Size:256
File:   camera.cpp  Line: 213  Size:256
File:    parse.cpp  Line: 228  Size:800
File:  texture.cpp  Line:1147  Size:116
File:  pigment.cpp  Line: 187  Size:184
File:  texture.cpp  Line:1243  Size:208
File:    boxes.cpp  Line: 903  Size:168
File:  texture.cpp  Line:1147  Size:116
File:  pigment.cpp  Line: 187  Size:184
File:  texture.cpp  Line:1243  Size:208
File: matrices.cpp  Line:1078  Size:256
File:   camera.cpp  Line: 213  Size:256
File:    parse.cpp  Line: 228  Size:800
